<?xml version="1.0" encoding="UTF-8"?>
<!-- Generated by org.testng.reporters.JUnitXMLReporter -->
<testsuite ignored="0" hostname="DESKTOP-7J8M9JT" failures="0" tests="38" name="Test" time="0.418" errors="0" timestamp="2023-12-15T18:16:06 IST">
  <testcase classname="DemoQa.DemoQa.Elements" name="@BeforeSuite beforeSuite" time="127.495">
    <failure type="org.openqa.selenium.NoSuchWindowException" message="no such window: target window already closed
from unknown error: web view not found
  (Session info: chrome=120.0.6099.72)
Build info: version: &amp;apos;4.11.0&amp;apos;, revision: &amp;apos;040bc5406b&amp;apos;
System info: os.name: &amp;apos;Windows 10&amp;apos;, os.arch: &amp;apos;amd64&amp;apos;, os.version: &amp;apos;10.0&amp;apos;, java.version: &amp;apos;17.0.3&amp;apos;
Driver info: org.openqa.selenium.chrome.ChromeDriver
Command: [600b9e11e78c358d8ad8338d15d84970, maximizeCurrentWindow {}]
Capabilities {acceptInsecureCerts: false, browserName: chrome, browserVersion: 120.0.6099.72, chrome: {chromedriverVersion: 119.0.6045.105 (38c72552c5e..., userDataDir: C:\Users\m8jainul\AppData\L...}, fedcm:accounts: true, goog:chromeOptions: {debuggerAddress: localhost:5085}, networkConnectionEnabled: false, pageLoadStrategy: normal, platformName: windows, proxy: Proxy(), se:cdp: ws://localhost:5085/devtool..., se:cdpVersion: 120.0.6099.72, setWindowRect: true, strictFileInteractability: false, timeouts: {implicit: 0, pageLoad: 300000, script: 30000}, unhandledPromptBehavior: dismiss and notify, webauthn:extension:credBlob: true, webauthn:extension:largeBlob: true, webauthn:extension:minPinLength: true, webauthn:extension:prf: true, webauthn:virtualAuthenticators: true}
Session ID: 600b9e11e78c358d8ad8338d15d84970">
      <![CDATA[org.openqa.selenium.NoSuchWindowException: no such window: target window already closed
from unknown error: web view not found
  (Session info: chrome=120.0.6099.72)
Build info: version: '4.11.0', revision: '040bc5406b'
System info: os.name: 'Windows 10', os.arch: 'amd64', os.version: '10.0', java.version: '17.0.3'
Driver info: org.openqa.selenium.chrome.ChromeDriver
Command: [600b9e11e78c358d8ad8338d15d84970, maximizeCurrentWindow {}]
Capabilities {acceptInsecureCerts: false, browserName: chrome, browserVersion: 120.0.6099.72, chrome: {chromedriverVersion: 119.0.6045.105 (38c72552c5e..., userDataDir: C:\Users\m8jainul\AppData\L...}, fedcm:accounts: true, goog:chromeOptions: {debuggerAddress: localhost:5085}, networkConnectionEnabled: false, pageLoadStrategy: normal, platformName: windows, proxy: Proxy(), se:cdp: ws://localhost:5085/devtool..., se:cdpVersion: 120.0.6099.72, setWindowRect: true, strictFileInteractability: false, timeouts: {implicit: 0, pageLoad: 300000, script: 30000}, unhandledPromptBehavior: dismiss and notify, webauthn:extension:credBlob: true, webauthn:extension:largeBlob: true, webauthn:extension:minPinLength: true, webauthn:extension:prf: true, webauthn:virtualAuthenticators: true}
Session ID: 600b9e11e78c358d8ad8338d15d84970
at org.openqa.selenium.remote.codec.w3c.W3CHttpResponseCodec.createException(W3CHttpResponseCodec.java:200)
at org.openqa.selenium.remote.codec.w3c.W3CHttpResponseCodec.decode(W3CHttpResponseCodec.java:133)
at org.openqa.selenium.remote.codec.w3c.W3CHttpResponseCodec.decode(W3CHttpResponseCodec.java:52)
at org.openqa.selenium.remote.HttpCommandExecutor.execute(HttpCommandExecutor.java:191)
at org.openqa.selenium.remote.service.DriverCommandExecutor.invokeExecute(DriverCommandExecutor.java:196)
at org.openqa.selenium.remote.service.DriverCommandExecutor.execute(DriverCommandExecutor.java:171)
at org.openqa.selenium.remote.RemoteWebDriver.execute(RemoteWebDriver.java:518)
at org.openqa.selenium.remote.RemoteWebDriver.execute(RemoteWebDriver.java:591)
at org.openqa.selenium.remote.RemoteWebDriver.execute(RemoteWebDriver.java:595)
at org.openqa.selenium.remote.RemoteWebDriver$RemoteWebDriverOptions$RemoteWindow.maximize(RemoteWebDriver.java:978)
at DemoQa.DemoQa.Elements.beforeSuite(Elements.java:341)
... Removed 24 stack frames]]>
    </failure>
  </testcase> <!-- @BeforeSuite beforeSuite -->
  <testcase classname="DemoQa.DemoQa.Forms" name="@BeforeSuite beforeSuite" time="0.0">
    <skipped/>
  </testcase> <!-- @BeforeSuite beforeSuite -->
  <testcase classname="DemoQa.DemoQa.Interactions" name="@BeforeSuite beforeSuite" time="0.0">
    <skipped/>
  </testcase> <!-- @BeforeSuite beforeSuite -->
  <testcase classname="DemoQa.DemoQa.Widgets" name="@BeforeSuite beforeSuite" time="0.0">
    <skipped/>
  </testcase> <!-- @BeforeSuite beforeSuite -->
  <testcase classname="DemoQa.DemoQa.Elements" name="elements" time="0.0">
    <skipped/>
  </testcase> <!-- elements -->
  <testcase classname="DemoQa.DemoQa.Elements" name="textbox" time="0.0">
    <skipped/>
  </testcase> <!-- textbox -->
  <testcase classname="DemoQa.DemoQa.Elements" name="checkbox" time="0.0">
    <skipped/>
  </testcase> <!-- checkbox -->
  <testcase classname="DemoQa.DemoQa.Elements" name="radiobutton" time="0.0">
    <skipped/>
  </testcase> <!-- radiobutton -->
  <testcase classname="DemoQa.DemoQa.Elements" name="webTables" time="0.0">
    <skipped/>
  </testcase> <!-- webTables -->
  <testcase classname="DemoQa.DemoQa.Elements" name="buttons" time="0.0">
    <skipped/>
  </testcase> <!-- buttons -->
  <testcase classname="DemoQa.DemoQa.Elements" name="links" time="0.001">
    <skipped/>
  </testcase> <!-- links -->
  <testcase classname="DemoQa.DemoQa.Elements" name="brokenLinksImages" time="0.0">
    <skipped/>
  </testcase> <!-- brokenLinksImages -->
  <testcase classname="DemoQa.DemoQa.Elements" name="uploadAndDownload" time="0.0">
    <skipped/>
  </testcase> <!-- uploadAndDownload -->
  <testcase classname="DemoQa.DemoQa.Elements" name="dynamicProperties" time="0.0">
    <skipped/>
  </testcase> <!-- dynamicProperties -->
  <testcase classname="DemoQa.DemoQa.Forms" name="elements" time="0.0">
    <skipped/>
  </testcase> <!-- elements -->
  <testcase classname="DemoQa.DemoQa.Forms" name="forms" time="0.0">
    <skipped/>
  </testcase> <!-- forms -->
  <testcase classname="DemoQa.DemoQa.Forms" name="PracticeForm" time="0.0">
    <skipped/>
  </testcase> <!-- PracticeForm -->
  <testcase classname="DemoQa.DemoQa.AlertFrameswindows" name="elements" time="0.0">
    <skipped/>
  </testcase> <!-- elements -->
  <testcase classname="DemoQa.DemoQa.AlertFrameswindows" name="alertFramesandWindows" time="0.0">
    <skipped/>
  </testcase> <!-- alertFramesandWindows -->
  <testcase classname="DemoQa.DemoQa.AlertFrameswindows" name="broweserWindows" time="0.001">
    <skipped/>
  </testcase> <!-- broweserWindows -->
  <testcase classname="DemoQa.DemoQa.AlertFrameswindows" name="alerts" time="0.0">
    <skipped/>
  </testcase> <!-- alerts -->
  <testcase classname="DemoQa.DemoQa.AlertFrameswindows" name="frames" time="0.001">
    <skipped/>
  </testcase> <!-- frames -->
  <testcase classname="DemoQa.DemoQa.AlertFrameswindows" name="nestedFrames" time="0.0">
    <skipped/>
  </testcase> <!-- nestedFrames -->
  <testcase classname="DemoQa.DemoQa.AlertFrameswindows" name="modalDialogs" time="0.0">
    <skipped/>
  </testcase> <!-- modalDialogs -->
  <testcase classname="DemoQa.DemoQa.Widgets" name="elements" time="0.0">
    <skipped/>
  </testcase> <!-- elements -->
  <testcase classname="DemoQa.DemoQa.Widgets" name="widgets2" time="0.0">
    <skipped/>
  </testcase> <!-- widgets2 -->
  <testcase classname="DemoQa.DemoQa.Widgets" name="Accordian" time="0.0">
    <skipped/>
  </testcase> <!-- Accordian -->
  <testcase classname="DemoQa.DemoQa.Widgets" name="autoComplete" time="0.0">
    <skipped/>
  </testcase> <!-- autoComplete -->
  <testcase classname="DemoQa.DemoQa.Widgets" name="datePicker" time="0.0">
    <skipped/>
  </testcase> <!-- datePicker -->
  <testcase classname="DemoQa.DemoQa.Widgets" name="slider" time="0.0">
    <skipped/>
  </testcase> <!-- slider -->
  <testcase classname="DemoQa.DemoQa.Widgets" name="progressBar" time="0.0">
    <skipped/>
  </testcase> <!-- progressBar -->
  <testcase classname="DemoQa.DemoQa.Widgets" name="tabs" time="0.0">
    <skipped/>
  </testcase> <!-- tabs -->
  <testcase classname="DemoQa.DemoQa.Widgets" name="toolTips" time="0.0">
    <skipped/>
  </testcase> <!-- toolTips -->
  <testcase classname="DemoQa.DemoQa.Widgets" name="selectMenu" time="0.0">
    <skipped/>
  </testcase> <!-- selectMenu -->
  <testcase classname="DemoQa.DemoQa.Widgets" name="menu" time="0.0">
    <skipped/>
  </testcase> <!-- menu -->
  <testcase classname="DemoQa.DemoQa.Interactions" name="elements" time="0.0">
    <skipped/>
  </testcase> <!-- elements -->
  <testcase classname="DemoQa.DemoQa.Interactions" name="interaction" time="0.0">
    <skipped/>
  </testcase> <!-- interaction -->
  <testcase classname="DemoQa.DemoQa.Interactions" name="sortable" time="0.0">
    <skipped/>
  </testcase> <!-- sortable -->
  <testcase classname="DemoQa.DemoQa.Interactions" name="selectable" time="0.0">
    <skipped/>
  </testcase> <!-- selectable -->
  <testcase classname="DemoQa.DemoQa.Interactions" name="resizable" time="0.0">
    <skipped/>
  </testcase> <!-- resizable -->
  <testcase classname="DemoQa.DemoQa.Interactions" name="droppable" time="0.0">
    <skipped/>
  </testcase> <!-- droppable -->
  <testcase classname="DemoQa.DemoQa.Interactions" name="dragebble" time="0.0">
    <skipped/>
  </testcase> <!-- dragebble -->
</testsuite> <!-- Test -->
